<?xml version="1.0" encoding="UTF-8"?>
<!-- Generated by org.testng.reporters.JUnitReportReporter -->
<testsuite hostname="DESKTOP-R3B08NO" failures="0" tests="5" name="Test.CrossAssyst" time="57.218" errors="0" timestamp="2020-08-22T18:39:07 IST" skipped="0">
  <testcase classname="Test.CrossAssyst" name="createAccount" time="19.112"/>
  <system-out/>
  <testcase classname="Test.CrossAssyst" name="login" time="4.679"/>
  <system-out/>
  <testcase classname="Test.CrossAssyst" name="placingOrder" time="10.414"/>
  <system-out/>
  <testcase classname="Test.CrossAssyst" name="checkout" time="15.960"/>
  <system-out/>
  <testcase classname="Test.CrossAssyst" name="verify" time="7.053"/>
  <system-out/>
</testsuite> <!-- Test.CrossAssyst -->
